<?xml version="1.0" encoding="UTF-8"?>
<!-- Generated by org.testng.reporters.JUnitXMLReporter -->
<testsuite ignored="0" hostname="DESKTOP-QGPVCAQ" failures="0" tests="6" name="Test" time="2.882" errors="0" timestamp="22 Nov 2021 08:36:29 GMT">
  <testcase classname="org.testing.testscripts.TC1_postRequest" name="firstTC" time="2.492"/>
  <testcase classname="org.testing.testscripts.TC2_GetRequest" name="TC2" time="0.094"/>
  <testcase classname="org.testing.testscripts.TC3_Getall" name="tc3" time="0.078"/>
  <testcase classname="org.testing.testscripts.TC4_GetAll_FetchId" name="tc4" time="0.062"/>
  <testcase classname="org.testing.testscripts.TC5_putRequest" name="tc5" time="0.063"/>
  <testcase classname="org.testing.testscripts.TC6_delete" name="TC6" time="0.036"/>
</testsuite> <!-- Test -->
